<?xml version="1.0" encoding="UTF-8"?>
<testng-results ignored="0" total="4" passed="4" failed="0" skipped="0">
  <reporter-output>
  </reporter-output>
  <suite started-at="2023-08-15T13:51:35 IST" name="Suite" finished-at="2023-08-15T13:51:48 IST" duration-ms="12533">
    <groups>
    </groups>
    <test started-at="2023-08-15T13:51:35 IST" name="Test" finished-at="2023-08-15T13:51:48 IST" duration-ms="12533">
      <class name="TestScripts.Login">
        <test-method is-config="true" signature="Setup()[pri:0, instance:TestScripts.Login@6ae5aa72]" started-at="2023-08-15T13:51:42 IST" name="Setup" finished-at="2023-08-15T13:51:44 IST" duration-ms="1342" status="PASS">
          <reporter-output>
          </reporter-output>
        </test-method> <!-- Setup -->
        <test-method signature="LoginTc001()[pri:0, instance:TestScripts.Login@6ae5aa72]" started-at="2023-08-15T13:51:44 IST" name="LoginTc001" finished-at="2023-08-15T13:51:44 IST" duration-ms="239" status="PASS">
          <reporter-output>
          </reporter-output>
        </test-method> <!-- LoginTc001 -->
        <test-method is-config="true" signature="TearDown()[pri:0, instance:TestScripts.Login@6ae5aa72]" started-at="2023-08-15T13:51:44 IST" name="TearDown" finished-at="2023-08-15T13:51:45 IST" duration-ms="1150" status="PASS">
          <reporter-output>
          </reporter-output>
        </test-method> <!-- TearDown -->
        <test-method is-config="true" signature="Setup()[pri:0, instance:TestScripts.Login@6ae5aa72]" started-at="2023-08-15T13:51:45 IST" name="Setup" finished-at="2023-08-15T13:51:46 IST" duration-ms="1509" status="PASS">
          <reporter-output>
          </reporter-output>
        </test-method> <!-- Setup -->
        <test-method signature="LoginTc002()[pri:0, instance:TestScripts.Login@6ae5aa72]" started-at="2023-08-15T13:51:46 IST" name="LoginTc002" finished-at="2023-08-15T13:51:47 IST" duration-ms="236" status="PASS">
          <reporter-output>
          </reporter-output>
        </test-method> <!-- LoginTc002 -->
        <test-method is-config="true" signature="TearDown()[pri:0, instance:TestScripts.Login@6ae5aa72]" started-at="2023-08-15T13:51:47 IST" name="TearDown" finished-at="2023-08-15T13:51:48 IST" duration-ms="1128" status="PASS">
          <reporter-output>
          </reporter-output>
        </test-method> <!-- TearDown -->
      </class> <!-- TestScripts.Login -->
      <class name="TestScripts.Product">
        <test-method is-config="true" signature="Setup()[pri:0, instance:TestScripts.Product@5fdcaa40]" started-at="2023-08-15T13:51:35 IST" name="Setup" finished-at="2023-08-15T13:51:38 IST" duration-ms="2571" status="PASS">
          <reporter-output>
          </reporter-output>
        </test-method> <!-- Setup -->
        <test-method signature="ProductTc001()[pri:0, instance:TestScripts.Product@5fdcaa40]" started-at="2023-08-15T13:51:38 IST" name="ProductTc001" finished-at="2023-08-15T13:51:38 IST" duration-ms="272" status="PASS">
          <reporter-output>
          </reporter-output>
        </test-method> <!-- ProductTc001 -->
        <test-method is-config="true" signature="TearDown()[pri:0, instance:TestScripts.Product@5fdcaa40]" started-at="2023-08-15T13:51:38 IST" name="TearDown" finished-at="2023-08-15T13:51:39 IST" duration-ms="1135" status="PASS">
          <reporter-output>
          </reporter-output>
        </test-method> <!-- TearDown -->
        <test-method is-config="true" signature="Setup()[pri:0, instance:TestScripts.Product@5fdcaa40]" started-at="2023-08-15T13:51:39 IST" name="Setup" finished-at="2023-08-15T13:51:41 IST" duration-ms="1530" status="PASS">
          <reporter-output>
          </reporter-output>
        </test-method> <!-- Setup -->
        <test-method signature="ProductTc002()[pri:0, instance:TestScripts.Product@5fdcaa40]" started-at="2023-08-15T13:51:41 IST" name="ProductTc002" finished-at="2023-08-15T13:51:41 IST" duration-ms="245" status="PASS">
          <reporter-output>
          </reporter-output>
        </test-method> <!-- ProductTc002 -->
        <test-method is-config="true" signature="TearDown()[pri:0, instance:TestScripts.Product@5fdcaa40]" started-at="2023-08-15T13:51:41 IST" name="TearDown" finished-at="2023-08-15T13:51:42 IST" duration-ms="1142" status="PASS">
          <reporter-output>
          </reporter-output>
        </test-method> <!-- TearDown -->
      </class> <!-- TestScripts.Product -->
    </test> <!-- Test -->
  </suite> <!-- Suite -->
</testng-results>
