<?xml version="1.0" encoding="UTF-8"?>
<!-- Generated by org.testng.reporters.JUnitXMLReporter -->
<testsuite ignored="0" hostname="Laptop-BharatSingh" failures="0" tests="4" name="Test" time="12.533" errors="0" timestamp="2023-08-15T13:51:48 IST">
  <testcase classname="TestScripts.Product" name="ProductTc001" time="0.272"/>
  <testcase classname="TestScripts.Product" name="ProductTc002" time="0.245"/>
  <testcase classname="TestScripts.Login" name="LoginTc001" time="0.239"/>
  <testcase classname="TestScripts.Login" name="LoginTc002" time="0.236"/>
</testsuite> <!-- Test -->
